app/build/intermediates/manifest_merge_blame_file/debug/manifest-merger-blame-debug-report.txt
1<?xml version="1.0" encoding="utf-8"?>
2<manifest xmlns:android="http://schemas.android.com/apk/res/android"
3    package="com.ryokusasa.cut_in_app"
4    android:versionCode="1"
5    android:versionName="1.0" >
6
7    <uses-sdk
8        android:minSdkVersion="18"
8-->src\main\AndroidManifest.xml
9        android:targetSdkVersion="30" />
9-->src\main\AndroidManifest.xml
10
11    <uses-permission android:name="android.permission.SYSTEM_ALERT_WINDOW" />
11-->src\main\AndroidManifest.xml:5:5-77
11-->src\main\AndroidManifest.xml:5:22-75
12    <uses-permission
12-->src\main\AndroidManifest.xml:6:5-7:38
13        android:name="android.permission.WRITE_EXTERNAL_STORAGE"
13-->src\main\AndroidManifest.xml:6:22-78
14        android:maxSdkVersion="28" />
14-->src\main\AndroidManifest.xml:7:9-35
15    <uses-permission
15-->src\main\AndroidManifest.xml:8:5-9:38
16        android:name="android.permission.READ_EXTERNAL_STORAGE"
16-->src\main\AndroidManifest.xml:8:22-77
17        android:maxSdkVersion="28" />
17-->src\main\AndroidManifest.xml:9:9-35
18
19    <application
19-->src\main\AndroidManifest.xml:10:5-37:19
20        android:name="com.ryokusasa.cut_in_app.UtilCommon"
20-->src\main\AndroidManifest.xml:17:9-59
21        android:allowBackup="true"
21-->src\main\AndroidManifest.xml:11:9-35
22        android:appComponentFactory="androidx.core.app.CoreComponentFactory"
22-->[androidx.core:core:1.5.0] AndroidManifest.xml:24:18-86
23        android:debuggable="true"
24        android:icon="@mipmap/ic_launcher"
24-->src\main\AndroidManifest.xml:12:9-43
25        android:label="@string/app_name"
25-->src\main\AndroidManifest.xml:13:9-41
26        android:roundIcon="@mipmap/ic_launcher_round"
26-->src\main\AndroidManifest.xml:14:9-54
27        android:supportsRtl="true"
27-->src\main\AndroidManifest.xml:15:9-35
28        android:testOnly="true"
29        android:theme="@style/toolbarTheme" >
29-->src\main\AndroidManifest.xml:16:9-44
30        <activity android:name="com.ryokusasa.cut_in_app.Activity.MainActivity" >
30-->src\main\AndroidManifest.xml:18:9-24:20
30-->src\main\AndroidManifest.xml:18:19-80
31            <intent-filter>
31-->src\main\AndroidManifest.xml:19:13-23:29
32                <action android:name="android.intent.action.MAIN" />
32-->src\main\AndroidManifest.xml:20:17-69
32-->src\main\AndroidManifest.xml:20:25-66
33
34                <category android:name="android.intent.category.LAUNCHER" />
34-->src\main\AndroidManifest.xml:22:17-77
34-->src\main\AndroidManifest.xml:22:27-74
35            </intent-filter>
36        </activity>
37        <activity
37-->src\main\AndroidManifest.xml:25:9-26:90
38            android:name="com.ryokusasa.cut_in_app.Activity.SelCutInActivity"
38-->src\main\AndroidManifest.xml:25:19-84
39            android:parentActivityName="com.ryokusasa.cut_in_app.Activity.MainActivity" />
39-->src\main\AndroidManifest.xml:26:13-88
40        <activity android:name="com.ryokusasa.cut_in_app.Activity.CutInEditerActivity" />
40-->src\main\AndroidManifest.xml:27:9-65
40-->src\main\AndroidManifest.xml:27:19-63
41
42        <service android:name="com.ryokusasa.cut_in_app.CutInService" />
42-->src\main\AndroidManifest.xml:28:9-72
42-->src\main\AndroidManifest.xml:28:18-70
43        <service
43-->src\main\AndroidManifest.xml:30:9-36:19
44            android:name="com.ryokusasa.cut_in_app.CustomNotificationListenerService"
44-->src\main\AndroidManifest.xml:30:18-91
45            android:label="@string/app_name"
45-->src\main\AndroidManifest.xml:31:13-45
46            android:permission="android.permission.BIND_NOTIFICATION_LISTENER_SERVICE" >
46-->src\main\AndroidManifest.xml:32:13-87
47            <intent-filter>
47-->src\main\AndroidManifest.xml:33:13-35:29
48                <action android:name="android.service.notification.NotificationListenerService" />
48-->src\main\AndroidManifest.xml:34:17-98
48-->src\main\AndroidManifest.xml:34:25-96
49            </intent-filter>
50        </service>
51    </application>
52
53</manifest>